<?xml version="1.0" encoding="UTF-8"?>
<!-- Generated by org.testng.reporters.JUnitXMLReporter -->
<testsuite ignored="0" hostname="DESKTOP-GCKUP8E" failures="1" tests="1" name="Default test" time="1.396" errors="0" timestamp="2024-02-21T14:29:42 IST">
  <testcase classname="io.cucumber.testng.AbstractTestNGCucumberTests" name="runScenario" time="0.237">
    <failure type="io.cucumber.testng.UndefinedStepException" message="There were 8 undefined steps
The step &amp;quot;user is on dashboard for tenant&amp;quot; is undefined. You can implement it using the snippet(s) below:

@Given(&amp;quot;user is on dashboard for tenant&amp;quot;)
public void user_is_on_dashboard_for_tenant() {
    // Write code here that turns the phrase above into concrete actions
    throw new io.cucumber.java.PendingException();
}

The step &amp;quot;user click on master menu for tenant&amp;quot; is undefined. You can implement it using the snippet(s) below:

@When(&amp;quot;user click on master menu for tenant&amp;quot;)
public void user_click_on_master_menu_for_tenant() {
    // Write code here that turns the phrase above into concrete actions
    throw new io.cucumber.java.PendingException();
}

The step &amp;quot;user click on company setup for tenant&amp;quot; is undefined. You can implement it using the snippet(s) below:

@Then(&amp;quot;user click on company setup for tenant&amp;quot;)
public void user_click_on_company_setup_for_tenant() {
    // Write code here that turns the phrase above into concrete actions
    throw new io.cucumber.java.PendingException();
}

The step &amp;quot;user click on tenant menu for tenant&amp;quot; is undefined. You can implement it using the snippet(s) below:

@Then(&amp;quot;user click on tenant menu for tenant&amp;quot;)
public void user_click_on_tenant_menu_for_tenant() {
    // Write code here that turns the phrase above into concrete actions
    throw new io.cucumber.java.PendingException();
}

The step &amp;quot;user is navigated to the tenant list page&amp;quot; is undefined. You can implement it using the snippet(s) below:

@Then(&amp;quot;user is navigated to the tenant list page&amp;quot;)
public void user_is_navigated_to_the_tenant_list_page() {
    // Write code here that turns the phrase above into concrete actions
    throw new io.cucumber.java.PendingException();
}

The step &amp;quot;click on add new button for tenant&amp;quot; is undefined. You can implement it using the snippet(s) below:

@Then(&amp;quot;click on add new button for tenant&amp;quot;)
public void click_on_add_new_button_for_tenant() {
    // Write code here that turns the phrase above into concrete actions
    throw new io.cucumber.java.PendingException();
}

The step &amp;quot;click on submit button for tenant&amp;quot; is undefined. You can implement it using the snippet(s) below:

@Then(&amp;quot;click on submit button for tenant&amp;quot;)
public void click_on_submit_button_for_tenant() {
    // Write code here that turns the phrase above into concrete actions
    throw new io.cucumber.java.PendingException();
}

The step &amp;quot;error message displayed for tenant blank validation and record is not saved&amp;quot; is undefined. You can implement it using the snippet(s) below:

@Then(&amp;quot;error message displayed for tenant blank validation and record is not saved&amp;quot;)
public void error_message_displayed_for_tenant_blank_validation_and_record_is_not_saved() {
    // Write code here that turns the phrase above into concrete actions
    throw new io.cucumber.java.PendingException();
}
">
      <![CDATA[io.cucumber.testng.UndefinedStepException: There were 8 undefined steps
The step "user is on dashboard for tenant" is undefined. You can implement it using the snippet(s) below:

@Given("user is on dashboard for tenant")
public void user_is_on_dashboard_for_tenant() {
    // Write code here that turns the phrase above into concrete actions
    throw new io.cucumber.java.PendingException();
}

The step "user click on master menu for tenant" is undefined. You can implement it using the snippet(s) below:

@When("user click on master menu for tenant")
public void user_click_on_master_menu_for_tenant() {
    // Write code here that turns the phrase above into concrete actions
    throw new io.cucumber.java.PendingException();
}

The step "user click on company setup for tenant" is undefined. You can implement it using the snippet(s) below:

@Then("user click on company setup for tenant")
public void user_click_on_company_setup_for_tenant() {
    // Write code here that turns the phrase above into concrete actions
    throw new io.cucumber.java.PendingException();
}

The step "user click on tenant menu for tenant" is undefined. You can implement it using the snippet(s) below:

@Then("user click on tenant menu for tenant")
public void user_click_on_tenant_menu_for_tenant() {
    // Write code here that turns the phrase above into concrete actions
    throw new io.cucumber.java.PendingException();
}

The step "user is navigated to the tenant list page" is undefined. You can implement it using the snippet(s) below:

@Then("user is navigated to the tenant list page")
public void user_is_navigated_to_the_tenant_list_page() {
    // Write code here that turns the phrase above into concrete actions
    throw new io.cucumber.java.PendingException();
}

The step "click on add new button for tenant" is undefined. You can implement it using the snippet(s) below:

@Then("click on add new button for tenant")
public void click_on_add_new_button_for_tenant() {
    // Write code here that turns the phrase above into concrete actions
    throw new io.cucumber.java.PendingException();
}

The step "click on submit button for tenant" is undefined. You can implement it using the snippet(s) below:

@Then("click on submit button for tenant")
public void click_on_submit_button_for_tenant() {
    // Write code here that turns the phrase above into concrete actions
    throw new io.cucumber.java.PendingException();
}

The step "error message displayed for tenant blank validation and record is not saved" is undefined. You can implement it using the snippet(s) below:

@Then("error message displayed for tenant blank validation and record is not saved")
public void error_message_displayed_for_tenant_blank_validation_and_record_is_not_saved() {
    // Write code here that turns the phrase above into concrete actions
    throw new io.cucumber.java.PendingException();
}

at io.cucumber.testng.TestCaseResultObserver.lambda$assertTestCasePassed$2(TestCaseResultObserver.java:26)
at io.cucumber.core.runtime.TestCaseResultObserver.assertTestCasePassed(TestCaseResultObserver.java:110)
at io.cucumber.testng.TestCaseResultObserver.assertTestCasePassed(TestCaseResultObserver.java:21)
at io.cucumber.testng.TestNGCucumberRunner.runScenario(TestNGCucumberRunner.java:125)
at io.cucumber.testng.AbstractTestNGCucumberTests.runScenario(AbstractTestNGCucumberTests.java:29)
at java.base/jdk.internal.reflect.NativeMethodAccessorImpl.invoke0(Native Method)
at java.base/jdk.internal.reflect.NativeMethodAccessorImpl.invoke(NativeMethodAccessorImpl.java:77)
at java.base/jdk.internal.reflect.DelegatingMethodAccessorImpl.invoke(DelegatingMethodAccessorImpl.java:43)
at java.base/java.lang.reflect.Method.invoke(Method.java:568)
at org.testng.internal.MethodInvocationHelper.invokeMethod(MethodInvocationHelper.java:133)
at org.testng.internal.TestInvoker.invokeMethod(TestInvoker.java:598)
at org.testng.internal.TestInvoker.invokeTestMethod(TestInvoker.java:173)
at org.testng.internal.MethodRunner.runInSequence(MethodRunner.java:46)
at org.testng.internal.TestInvoker$MethodInvocationAgent.invoke(TestInvoker.java:824)
at org.testng.internal.TestInvoker.invokeTestMethods(TestInvoker.java:146)
at org.testng.internal.TestMethodWorker.invokeTestMethods(TestMethodWorker.java:146)
at org.testng.internal.TestMethodWorker.run(TestMethodWorker.java:128)
at java.base/java.util.ArrayList.forEach(ArrayList.java:1511)
at org.testng.TestRunner.privateRun(TestRunner.java:794)
at org.testng.TestRunner.run(TestRunner.java:596)
at org.testng.SuiteRunner.runTest(SuiteRunner.java:377)
at org.testng.SuiteRunner.runSequentially(SuiteRunner.java:371)
at org.testng.SuiteRunner.privateRun(SuiteRunner.java:332)
at org.testng.SuiteRunner.run(SuiteRunner.java:276)
at org.testng.SuiteRunnerWorker.runSuite(SuiteRunnerWorker.java:53)
at org.testng.SuiteRunnerWorker.run(SuiteRunnerWorker.java:96)
at org.testng.TestNG.runSuitesSequentially(TestNG.java:1212)
at org.testng.TestNG.runSuitesLocally(TestNG.java:1134)
at org.testng.TestNG.runSuites(TestNG.java:1063)
at org.testng.TestNG.run(TestNG.java:1031)
at org.testng.remote.AbstractRemoteTestNG.run(AbstractRemoteTestNG.java:115)
at org.testng.remote.RemoteTestNG.initAndRun(RemoteTestNG.java:251)
at org.testng.remote.RemoteTestNG.main(RemoteTestNG.java:77)
]]>
    </failure>
  </testcase> <!-- runScenario -->
</testsuite> <!-- Default test -->
