<?xml version="1.0" encoding="UTF-8"?>
<!-- Generated by org.testng.reporters.JUnitXMLReporter -->
<testsuite ignored="0" hostname="DESKTOP-5116VPI" failures="1" tests="1" name="Incubyte" time="164.366" errors="0" timestamp="2025-02-26T22:36:41 IST">
  <testcase classname="io.cucumber.testng.AbstractTestNGCucumberTests" name="runScenario" time="161.714">
    <failure type="io.cucumber.java.PendingException" message="TODO: implement me">
      <![CDATA[io.cucumber.java.PendingException: TODO: implement me
at com.example.steps.RegistrationStep.user_click_on_Create_an_Account(RegistrationStep.java:26)
at âœ½.user click on Create an Account(file:///D:/Automation/Projects/IncubyteTest/src/test/resources/feature/Registration.feature:7)
]]>
    </failure>
  </testcase> <!-- runScenario -->
</testsuite> <!-- Incubyte -->
